<?xml version="1.0" encoding="UTF-8"?>
<!-- Generated by org.testng.reporters.JUnitXMLReporter -->
<testsuite ignored="0" hostname="VEDANT" failures="0" tests="3" name="StandAloneTests" time="46.082" errors="0" timestamp="2024-10-05T16:22:35 IST">
  <testcase classname="vedant.test.Testing" name="standAloneTest" time="11.608"/>
  <testcase classname="vedant.test.Testing" name="standAloneTest" time="14.164"/>
  <testcase classname="vedant.test.Testing" name="productsDeletion" time="6.396"/>
</testsuite> <!-- StandAloneTests -->
